<?xml version="1.0" encoding="UTF-8"?>
<testsuite name="com.google.container.tools.diagnostics.GoogleFeedbackErrorReporterTest" tests="1" skipped="0" failures="0" errors="0" timestamp="2019-01-21T12:58:04" hostname="DESKTOP-OOU3C7O" time="111.627">
  <properties/>
  <testcase name="buildKeyValuesMap_returnsPopulatedMap" classname="com.google.container.tools.diagnostics.GoogleFeedbackErrorReporterTest" time="111.627"/>
  <system-out><![CDATA[]]></system-out>
  <system-err><![CDATA[]]></system-err>
</testsuite>
